<?xml version="1.0"?>
<testsuites>
  <testsuite name="Chrome 33.0.1750 (Windows)" package="" timestamp="2014-02-27T14:51:51" id="0" hostname="tumblingDice" tests="1" errors="0" failures="0" time="0.036">
    <properties>
      <property name="browser.fullName" value="Mozilla/5.0 (Windows NT 6.3; WOW64) AppleWebKit/537.36 (KHTML, like Gecko) Chrome/33.0.1750.117 Safari/537.36"/>
    </properties>
    <testcase name="list virtual collections should return a list of colls" time="0.036" classname="Chrome 33.0.1750 (Windows).A suite"/>
    <system-out><![CDATA[
]]></system-out>
    <system-err/>
  </testsuite>
</testsuites>
